<?xml version="1.0" encoding="UTF-8"?>
<!-- Generated by org.testng.reporters.JUnitXMLReporter -->
<testsuite ignored="0" hostname="SAURABH-KUMAR" failures="1" tests="1" name="Test" time="16.287" errors="0" timestamp="2026-05-14T03:23:58 IST">
  <testcase classname="com.qa.testCases.orangeHRM_addEmployee" name="addEmployeeTest" time="4.124">
    <failure type="java.lang.IllegalArgumentException" message="Keys to send should be a not null CharSequence">
      <![CDATA[java.lang.IllegalArgumentException: Keys to send should be a not null CharSequence
at org.openqa.selenium.remote.RemoteWebElement.sendKeys(RemoteWebElement.java:96)
at com.qa.pageObjects.orangeHRM_Login_PageFunction.enterUsername(orangeHRM_Login_PageFunction.java:17)
at com.qa.testCases.orangeHRM_addEmployee.addEmployeeTest(orangeHRM_addEmployee.java:24)
at java.base/java.util.ArrayList.forEach(ArrayList.java:1597)
... Removed 25 stack frames]]>
    </failure>
  </testcase> <!-- addEmployeeTest -->
</testsuite> <!-- Test -->
